2025-04-07 22:54:52,222 - INFO - Llançant el navegador...
2025-04-07 22:54:53,061 - INFO - Navegant a https://www.cdti.es/
2025-04-07 22:54:54,845 - INFO - Tancant el popup de cookies...
2025-04-07 22:54:55,210 - INFO - Clic a 'Ayudas y servicios'...
2025-04-07 22:54:56,061 - INFO - Clic a 'Buscadores de ayudas'...
2025-04-07 22:54:56,620 - INFO - Intentant clicar 'Matriz de ayudas'...
2025-04-07 22:54:57,179 - INFO - 'Matriz de ayudas' clicat correctament.
2025-04-07 22:54:57,602 - INFO - Clicant targeta 'Proyectos de I + D'...
2025-04-07 22:54:59,079 - INFO - Nova pàgina oberta: https://www.cdti.es/ayudas/proyectos-de-i-d
2025-04-07 22:54:59,134 - INFO - Primeres línies del contingut de la pàgina web:
2025-04-07 22:54:59,134 - INFO - 
2025-04-07 22:54:59,134 - INFO - 
2025-04-07 22:54:59,134 - INFO - 
2025-04-07 22:54:59,134 - INFO - 
2025-04-07 22:54:59,134 - INFO - 
2025-04-07 22:54:59,134 - INFO - 
2025-04-07 22:54:59,134 - INFO - 
2025-04-07 22:54:59,134 - INFO - 
2025-04-07 22:54:59,134 - INFO - 
2025-04-07 22:54:59,134 - INFO - 
2025-04-07 22:54:59,134 - INFO - Buscant enllaç PDF...
2025-04-07 22:54:59,786 - INFO - PDF obert correctament: https://www.cdti.es/sites/default/files/2025-02/faq_empresas_en_crisis_3.pdf
2025-04-07 22:54:59,864 - ERROR - Error al obrir o processar el PDF: No /Root object! - Is this really a PDF?
2025-04-07 22:55:00,624 - ERROR - Error al navegar a la pàgina de projectes: No /Root object! - Is this really a PDF?
